Added Component: Designator=D4(DIOC2012X06N)
Added Component: Designator=R10(NTC)
Added Component: Designator=SW1(PCBComponent_1 - duplicate4)
Add Pin To Net: Unknown Pin: Pin C1-1
Add Pin To Net: Unknown Pin: Pin C1-2
Add Pin To Net: Unknown Pin: Pin D1-1
Add Pin To Net: Unknown Pin: Pin D1-2
Add Pin To Net: Unknown Pin: Pin D2-1
Add Pin To Net: Unknown Pin: Pin D2-2
Add Pin To Net: Unknown Pin: Pin D3-1
Add Pin To Net: Unknown Pin: Pin D3-2
Added Pin To Net: NetName=NetD4_1 Pin=D4-1
Added Pin To Net: NetName=GND Pin=D4-2
Added Pin To Net: NetName=Net_2 Pin=R10-1
Added Pin To Net: NetName=GND Pin=R10-2
Added Pin To Net: NetName=+5 Pin=SW1-1
Added Pin To Net: NetName=Net_2 Pin=SW1-2
Add Class Member: Failed to add class member : Component C1 10uF_Cap
Add Class Member: Failed to add class member : Component D1 led
Add Class Member: Failed to add class member : Component D2 led
Add Class Member: Failed to add class member : Component D3 led
Added Member To Class: ClassName=Sheet2 Member=Component D4 led
Added Member To Class: ClassName=Sheet2 Member=Component R10 NTC
Added Member To Class: ClassName=Sheet2 Member=Component SW1 swich
